1655289583034	geckodriver	INFO	Listening on 127.0.0.1:46873
1655289583049	mozrunner::runner	INFO	Running command: "/usr/bin/firefox" "--marionette" "--remote-debugging-port" "47909" "--remote-allow-hosts" "localhost" "-no-remote" "-profile" "/tmp/rust_mozprofile0czIx9"
ATTENTION: default value of option mesa_glthread overridden by environment.
ATTENTION: default value of option mesa_glthread overridden by environment.
ATTENTION: default value of option mesa_glthread overridden by environment.
ATTENTION: default value of option mesa_glthread overridden by environment.
1655289583967	Marionette	INFO	Marionette enabled
WebDriver BiDi listening on ws://localhost:47909
console.warn: SearchSettings: "get: No settings file exists, new profile?" (new NotFoundError("Could not open the file at /tmp/rust_mozprofile0czIx9/search.json.mozlz4", (void 0)))
Missing chrome or resource URL: resource://gre/modules/UpdateListener.jsm
1655289585009	Marionette	INFO	Listening on port 45593
DevTools listening on ws://localhost:47909/devtools/browser/48ac4aca-baf8-4896-8707-b0ee51e3c510
Read port: 45593
1655289585067	RemoteAgent	WARN	TLS certificate errors will be ignored for this session
Missing chrome or resource URL: resource://gre/modules/UpdateListener.jsm
console.error: "Error during quit-application-granted: [Exception... \"File error: Not found\"  nsresult: \"0x80520012 (NS_ERROR_FILE_NOT_FOUND)\"  location: \"JS frame :: resource:///modules/BrowserGlue.jsm :: _onQuitApplicationGranted/tasks< :: line 1969\"  data: no]"
1655289596021	Marionette	INFO	Stopped listening on port 45593
console.warn: TopSitesFeed: Failed to fetch data from Contile server: NetworkError when attempting to fetch resource.

###!!! [Parent][PImageBridgeParent] Error: RunMessage(msgname=PImageBridge::Msg_WillClose) Channel closing: too late to send/recv, messages will be lost

Sandbox: Unexpected EOF, op 0 flags 00 path /proc/cpuinfo
1655289628525	geckodriver	INFO	Listening on 127.0.0.1:37957
1655289628528	mozrunner::runner	INFO	Running command: "/usr/bin/firefox" "--marionette" "--remote-debugging-port" "36511" "--remote-allow-hosts" "localhost" "-no-remote" "-profile" "/tmp/rust_mozprofilebbpDPW"
ATTENTION: default value of option mesa_glthread overridden by environment.
ATTENTION: default value of option mesa_glthread overridden by environment.
ATTENTION: default value of option mesa_glthread overridden by environment.
ATTENTION: default value of option mesa_glthread overridden by environment.
1655289629415	Marionette	INFO	Marionette enabled
WebDriver BiDi listening on ws://localhost:36511
console.warn: SearchSettings: "get: No settings file exists, new profile?" (new NotFoundError("Could not open the file at /tmp/rust_mozprofilebbpDPW/search.json.mozlz4", (void 0)))
Missing chrome or resource URL: resource://gre/modules/UpdateListener.jsm
1655289630488	Marionette	INFO	Listening on port 35549
DevTools listening on ws://localhost:36511/devtools/browser/6a199358-c235-4837-96fc-6645428125e6
Read port: 35549
1655289630545	RemoteAgent	WARN	TLS certificate errors will be ignored for this session
console.warn: LoginRecipes: "getRecipes: falling back to a synchronous message for:" "https://www.google.com"
1655289828463	geckodriver	INFO	Listening on 127.0.0.1:43049
1655289828467	mozrunner::runner	INFO	Running command: "/usr/bin/firefox" "--marionette" "--remote-debugging-port" "37173" "--remote-allow-hosts" "localhost" "-no-remote" "-profile" "/tmp/rust_mozprofileI2bwMF"
ATTENTION: default value of option mesa_glthread overridden by environment.
ATTENTION: default value of option mesa_glthread overridden by environment.
ATTENTION: default value of option mesa_glthread overridden by environment.
ATTENTION: default value of option mesa_glthread overridden by environment.
1655289829385	Marionette	INFO	Marionette enabled
WebDriver BiDi listening on ws://localhost:37173
console.warn: SearchSettings: "get: No settings file exists, new profile?" (new NotFoundError("Could not open the file at /tmp/rust_mozprofileI2bwMF/search.json.mozlz4", (void 0)))
Missing chrome or resource URL: resource://gre/modules/UpdateListener.jsm
1655289830322	Marionette	INFO	Listening on port 45001
DevTools listening on ws://localhost:37173/devtools/browser/3ee62b68-c44d-4d8c-a549-a53905444f10
Read port: 45001
1655289830384	RemoteAgent	WARN	TLS certificate errors will be ignored for this session
Missing chrome or resource URL: resource://gre/modules/UpdateListener.jsm
console.error: "Error during quit-application-granted: [Exception... \"File error: Not found\"  nsresult: \"0x80520012 (NS_ERROR_FILE_NOT_FOUND)\"  location: \"JS frame :: resource:///modules/BrowserGlue.jsm :: _onQuitApplicationGranted/tasks< :: line 1969\"  data: no]"
1655289838429	Marionette	INFO	Stopped listening on port 45001
console.warn: TopSitesFeed: Failed to fetch data from Contile server: NetworkError when attempting to fetch resource.
Sandbox: Unexpected EOF, op 0 flags 00 path /proc/cpuinfo
1655289866535	geckodriver	INFO	Listening on 127.0.0.1:55519
1655289867046	mozrunner::runner	INFO	Running command: "/usr/bin/firefox" "--marionette" "--remote-debugging-port" "53581" "--remote-allow-hosts" "localhost" "-no-remote" "-profile" "/tmp/rust_mozprofileNCII67"
ATTENTION: default value of option mesa_glthread overridden by environment.
ATTENTION: default value of option mesa_glthread overridden by environment.
ATTENTION: default value of option mesa_glthread overridden by environment.
ATTENTION: default value of option mesa_glthread overridden by environment.
1655289867852	Marionette	INFO	Marionette enabled
WebDriver BiDi listening on ws://localhost:53581
console.warn: SearchSettings: "get: No settings file exists, new profile?" (new NotFoundError("Could not open the file at /tmp/rust_mozprofileNCII67/search.json.mozlz4", (void 0)))
Missing chrome or resource URL: resource://gre/modules/UpdateListener.jsm
1655289868811	Marionette	INFO	Listening on port 38483
DevTools listening on ws://localhost:53581/devtools/browser/6afa4be2-a508-4dbb-831a-173c06cd151e
Read port: 38483
1655289868863	RemoteAgent	WARN	TLS certificate errors will be ignored for this session
